d:\moataz\work\edges\testing\testing_diploma\testing_diploma\new\final project\final_project\final_project\x64\debug\vc143.pdb
d:\moataz\work\edges\testing\testing_diploma\testing_diploma\new\final project\final_project\final_project\x64\debug\vc143.idb
d:\moataz\work\edges\testing\testing_diploma\testing_diploma\new\final project\final_project\final_project\x64\debug\tests.obj
d:\moataz\work\edges\testing\testing_diploma\testing_diploma\new\final project\final_project\final_project\x64\debug\main.obj
d:\moataz\work\edges\testing\testing_diploma\testing_diploma\new\final project\final_project\final_project\x64\debug\app.obj
d:\moataz\work\edges\testing\testing_diploma\testing_diploma\new\final project\final_project\final_project\x64\debug\create_account.obj
d:\moataz\work\edges\testing\testing_diploma\testing_diploma\new\final project\final_project\final_project\x64\debug\db_manager.obj
d:\moataz\work\edges\testing\testing_diploma\testing_diploma\new\final project\final_project\final_project\x64\debug\login.obj
d:\moataz\work\edges\testing\testing_diploma\testing_diploma\new\final project\final_project\final_project\x64\debug\backend.obj
d:\moataz\work\edges\testing\testing_diploma\testing_diploma\new\final project\final_project\final_project\x64\debug\course_reg.obj
c:\users\tarek\desktop\testing course\c and embedded c testing\final_project\final_project\x64\debug\vc143.pdb
c:\users\tarek\desktop\testing course\c and embedded c testing\final_project\final_project\x64\debug\vc143.idb
c:\users\tarek\desktop\testing course\c and embedded c testing\final_project\final_project\x64\debug\login.obj
c:\users\tarek\desktop\testing course\c and embedded c testing\final_project\final_project\x64\debug\db_manager.obj
c:\users\tarek\desktop\testing course\c and embedded c testing\final_project\final_project\x64\debug\create_account.obj
c:\users\tarek\desktop\testing course\c and embedded c testing\final_project\final_project\x64\debug\course_reg.obj
c:\users\tarek\desktop\testing course\c and embedded c testing\final_project\final_project\x64\debug\backend.obj
c:\users\tarek\desktop\testing course\c and embedded c testing\final_project\final_project\x64\debug\app.obj
d:\moataz\work\edges\testing\testing_diploma\testing_diploma\new\final project\final_project\x64\debug\final_project.exe
d:\moataz\work\edges\testing\testing_diploma\testing_diploma\new\final project\final_project\x64\debug\final_project.pdb
d:\moataz\work\edges\testing\testing_diploma\testing_diploma\new\final project\final_project\final_project\x64\debug\final_project.ilk
c:\users\tarek\desktop\testing course\c and embedded c testing\final_project\final_project\x64\debug\main.obj
c:\users\tarek\desktop\testing course\c and embedded c testing\final_project\final_project\x64\debug\sec.obj
c:\users\tarek\desktop\testing course\c and embedded c testing\final_project\final_project\x64\debug\tests.obj
c:\users\tarek\desktop\testing course\c and embedded c testing\final_project\final_project\x64\debug\final_project.ilk
c:\users\tarek\desktop\testing course\c and embedded c testing\final_project\x64\debug\final_project.pdb
c:\users\tarek\desktop\testing course\c and embedded c testing\final_project\x64\debug\final_project.exe
c:\users\tarek\desktop\testing course\c and embedded c testing\final_project\final_project\x64\debug\final_project.tlog\cl.command.1.tlog
c:\users\tarek\desktop\testing course\c and embedded c testing\final_project\final_project\x64\debug\final_project.tlog\cl.items.tlog
c:\users\tarek\desktop\testing course\c and embedded c testing\final_project\final_project\x64\debug\final_project.tlog\cl.read.1.tlog
c:\users\tarek\desktop\testing course\c and embedded c testing\final_project\final_project\x64\debug\final_project.tlog\cl.write.1.tlog
c:\users\tarek\desktop\testing course\c and embedded c testing\final_project\final_project\x64\debug\final_project.tlog\link.command.1.tlog
c:\users\tarek\desktop\testing course\c and embedded c testing\final_project\final_project\x64\debug\final_project.tlog\link.read.1.tlog
c:\users\tarek\desktop\testing course\c and embedded c testing\final_project\final_project\x64\debug\final_project.tlog\link.secondary.1.tlog
c:\users\tarek\desktop\testing course\c and embedded c testing\final_project\final_project\x64\debug\final_project.tlog\link.write.1.tlog
